New https://pypi.org/project/ultralytics/8.3.135 available 😃 Update with 'pip install -U ultralytics'
Ultralytics 8.3.83 🚀 Python-3.9.14 torch-2.6.0+cu124 CUDA:0 (NVIDIA A100-SXM4-80GB, 81156MiB)
[34m[1mengine/trainer: [0mtask=detect, mode=train, model=yolo11m_custom.pt, data=dataset_waste.yaml, epochs=20, time=None, patience=100, batch=64, imgsz=640, save=True, save_period=-1, cache=False, device=None, workers=32, project=None, name=train2, exist_ok=False, pretrained=True, optimizer=auto, verbose=True, seed=0, deterministic=True, single_cls=False, rect=False, cos_lr=False, close_mosaic=10, resume=False, amp=True, fraction=1.0, profile=False, freeze=None, multi_scale=False, overlap_mask=True, mask_ratio=4, dropout=0.0, val=True, split=val, save_json=False, save_hybrid=False, conf=None, iou=0.7, max_det=300, half=False, dnn=False, plots=True, source=None, vid_stride=1, stream_buffer=False, visualize=False, augment=False, agnostic_nms=False, classes=None, retina_masks=False, embed=None, show=False, save_frames=False, save_txt=False, save_conf=False, save_crop=False, show_labels=True, show_conf=True, show_boxes=True, line_width=None, format=torchscript, keras=False, optimize=False, int8=False, dynamic=False, simplify=True, opset=None, workspace=None, nms=False, lr0=0.01, lrf=0.01, momentum=0.937, weight_decay=0.0005, warmup_epochs=3.0, warmup_momentum=0.8, warmup_bias_lr=0.1, box=7.5, cls=0.5, dfl=1.5, pose=12.0, kobj=1.0, nbs=64, hsv_h=0.015, hsv_s=0.7, hsv_v=0.4, degrees=0.0, translate=0.1, scale=0.5, shear=0.0, perspective=0.0, flipud=0.0, fliplr=0.5, bgr=0.0, mosaic=1.0, mixup=0.0, copy_paste=0.0, copy_paste_mode=flip, auto_augment=randaugment, erasing=0.4, crop_fraction=1.0, cfg=None, tracker=botsort.yaml, save_dir=runs/detect/train2
Overriding model.yaml nc=80 with nc=16

                   from  n    params  module                                       arguments                     
  0                  -1  1      1856  ultralytics.nn.modules.conv.Conv             [3, 64, 3, 2]                 
  1                  -1  1     73984  ultralytics.nn.modules.conv.Conv             [64, 128, 3, 2]               
  2                  -1  1    111872  ultralytics.nn.modules.block.C3k2            [128, 256, 1, True, 0.25]     
  3                  -1  1    590336  ultralytics.nn.modules.conv.Conv             [256, 256, 3, 2]              
  4                  -1  1    444928  ultralytics.nn.modules.block.C3k2            [256, 512, 1, True, 0.25]     
  5                  -1  1   2360320  ultralytics.nn.modules.conv.Conv             [512, 512, 3, 2]              
  6                  -1  1   1380352  ultralytics.nn.modules.block.C3k2            [512, 512, 1, True]           
  7                  -1  1   2360320  ultralytics.nn.modules.conv.Conv             [512, 512, 3, 2]              
  8                  -1  1   1380352  ultralytics.nn.modules.block.C3k2            [512, 512, 1, True]           
  9                  -1  1    656896  ultralytics.nn.modules.block.SPPF            [512, 512, 5]                 
 10                  -1  1    990976  ultralytics.nn.modules.block.C2PSA           [512, 512, 1]                 
 11                  -1  1         0  torch.nn.modules.upsampling.Upsample         [None, 2, 'nearest']          
 12             [-1, 6]  1         0  ultralytics.nn.modules.conv.Concat           [1]                           
 13                  -1  1   1642496  ultralytics.nn.modules.block.C3k2            [1024, 512, 1, True]          
 14                  -1  1         0  torch.nn.modules.upsampling.Upsample         [None, 2, 'nearest']          
 15             [-1, 4]  1         0  ultralytics.nn.modules.conv.Concat           [1]                           
 16                  -1  1    542720  ultralytics.nn.modules.block.C3k2            [1024, 256, 1, True]          
 17                  -1  1    590336  ultralytics.nn.modules.conv.Conv             [256, 256, 3, 2]              
 18            [-1, 13]  1         0  ultralytics.nn.modules.conv.Concat           [1]                           
 19                  -1  1   1511424  ultralytics.nn.modules.block.C3k2            [768, 512, 1, True]           
 20                  -1  1   2360320  ultralytics.nn.modules.conv.Conv             [512, 512, 3, 2]              
 21            [-1, 10]  1         0  ultralytics.nn.modules.conv.Concat           [1]                           
 22                  -1  1   1642496  ultralytics.nn.modules.block.C3k2            [1024, 512, 1, True]          
 23        [16, 19, 22]  1   1423360  ultralytics.nn.modules.head.Detect           [16, [256, 512, 512]]         
YOLO11m summary: 231 layers, 20,065,344 parameters, 20,065,328 gradients, 68.3 GFLOPs

Transferred 643/649 items from pretrained weights
Freezing layer 'model.23.dfl.conv.weight'
[34m[1mAMP: [0mrunning Automatic Mixed Precision (AMP) checks...
[34m[1mAMP: [0mchecks passed ✅
Plotting labels to runs/detect/train2/labels.jpg... 
[34m[1moptimizer:[0m 'optimizer=auto' found, ignoring 'lr0=0.01' and 'momentum=0.937' and determining best 'optimizer', 'lr0' and 'momentum' automatically... 
[34m[1moptimizer:[0m AdamW(lr=0.0005, momentum=0.9) with parameter groups 106 weight(decay=0.0), 113 weight(decay=0.0005), 112 bias(decay=0.0)
Image sizes 640 train, 640 val
Using 18 dataloader workers
Logging results to [1mruns/detect/train2[0m
Starting training for 20 epochs...

      Epoch    GPU_mem   box_loss   cls_loss   dfl_loss  Instances       Size
                   all        167        611     0.0655     0.0598     0.0277     0.0219

      Epoch    GPU_mem   box_loss   cls_loss   dfl_loss  Instances       Size
                   all        167        611      0.174      0.142     0.0607     0.0457

      Epoch    GPU_mem   box_loss   cls_loss   dfl_loss  Instances       Size
                   all        167        611      0.335      0.128     0.0853      0.064

      Epoch    GPU_mem   box_loss   cls_loss   dfl_loss  Instances       Size
                   all        167        611      0.288      0.149      0.104     0.0795

      Epoch    GPU_mem   box_loss   cls_loss   dfl_loss  Instances       Size
                   all        167        611      0.404       0.11      0.105     0.0803

      Epoch    GPU_mem   box_loss   cls_loss   dfl_loss  Instances       Size
                   all        167        611      0.295      0.152     0.0978     0.0726

      Epoch    GPU_mem   box_loss   cls_loss   dfl_loss  Instances       Size
                   all        167        611      0.298      0.134     0.0747      0.052

      Epoch    GPU_mem   box_loss   cls_loss   dfl_loss  Instances       Size
                   all        167        611      0.159      0.125     0.0632     0.0467

      Epoch    GPU_mem   box_loss   cls_loss   dfl_loss  Instances       Size
                   all        167        611      0.335     0.0983     0.0728     0.0513

      Epoch    GPU_mem   box_loss   cls_loss   dfl_loss  Instances       Size
                   all        167        611      0.239      0.128     0.0657      0.046
Closing dataloader mosaic

      Epoch    GPU_mem   box_loss   cls_loss   dfl_loss  Instances       Size
                   all        167        611      0.572     0.0895      0.106     0.0802

      Epoch    GPU_mem   box_loss   cls_loss   dfl_loss  Instances       Size
                   all        167        611      0.419     0.0956      0.109     0.0796

      Epoch    GPU_mem   box_loss   cls_loss   dfl_loss  Instances       Size
                   all        167        611      0.386      0.121      0.122     0.0945

      Epoch    GPU_mem   box_loss   cls_loss   dfl_loss  Instances       Size
                   all        167        611      0.275      0.171     0.0973     0.0715

      Epoch    GPU_mem   box_loss   cls_loss   dfl_loss  Instances       Size
                   all        167        611      0.284      0.177      0.131      0.104

      Epoch    GPU_mem   box_loss   cls_loss   dfl_loss  Instances       Size
                   all        167        611      0.269      0.134      0.127     0.0971

      Epoch    GPU_mem   box_loss   cls_loss   dfl_loss  Instances       Size
                   all        167        611      0.452      0.142      0.155      0.124

      Epoch    GPU_mem   box_loss   cls_loss   dfl_loss  Instances       Size
                   all        167        611      0.283      0.168      0.152      0.118

      Epoch    GPU_mem   box_loss   cls_loss   dfl_loss  Instances       Size
                   all        167        611      0.213      0.178      0.165      0.129

      Epoch    GPU_mem   box_loss   cls_loss   dfl_loss  Instances       Size
                   all        167        611       0.22      0.183       0.17      0.132

20 epochs completed in 0.035 hours.
Optimizer stripped from runs/detect/train2/weights/last.pt, 40.5MB
Optimizer stripped from runs/detect/train2/weights/best.pt, 40.5MB

Validating runs/detect/train2/weights/best.pt...
Ultralytics 8.3.83 🚀 Python-3.9.14 torch-2.6.0+cu124 CUDA:0 (NVIDIA A100-SXM4-80GB, 81156MiB)
YOLO11m summary (fused): 125 layers, 20,042,368 parameters, 0 gradients, 67.7 GFLOPs
                   all        167        611      0.221      0.183      0.169      0.132
  Plastic bottle & cap         50         77       0.55      0.532      0.539       0.42
                 Glass          7         72      0.116     0.0417     0.0695     0.0431
                 Metal         28         53       0.43      0.472      0.425      0.344
                Carton         18         21      0.263      0.333      0.238      0.201
                 Paper         11         15      0.181      0.119      0.113      0.103
    Plastic Bag & film         52         86      0.439      0.326      0.293      0.227
     Plastic container          4          5          0          0     0.0104    0.00721
 Plastic cup & utensil         23         54      0.435      0.222      0.262      0.178
          Misc Plastic         39         59      0.273      0.271      0.137      0.075
             Aluminium          3          3          0          0    0.00415    0.00373
          Rope & other          1          1          0          0          0          0
             Cigarette         47        146      0.255      0.137      0.103       0.05
             Paper cup          4          4          0          0     0.0987     0.0877
               Battery          1          1          0          0          0          0
       Styrofoam piece          8         14      0.376      0.286      0.248      0.242
Speed: 0.1ms preprocess, 1.9ms inference, 0.0ms loss, 0.5ms postprocess per image
Results saved to [1mruns/detect/train2[0m
