New https://pypi.org/project/ultralytics/8.3.152 available 😃 Update with 'pip install -U ultralytics'
Ultralytics 8.3.83 🚀 Python-3.9.14 torch-2.6.0+cu124 CUDA:0 (NVIDIA A100-SXM4-80GB, 81156MiB)
[34m[1mengine/trainer: [0mtask=detect, mode=train, model=yolo11m_custom.pt, data=dataset_waste.yaml, epochs=10, time=None, patience=100, batch=64, imgsz=640, save=True, save_period=-1, cache=False, device=None, workers=32, project=None, name=train4, exist_ok=False, pretrained=True, optimizer=auto, verbose=True, seed=0, deterministic=True, single_cls=False, rect=False, cos_lr=False, close_mosaic=10, resume=False, amp=True, fraction=1.0, profile=False, freeze=None, multi_scale=False, overlap_mask=True, mask_ratio=4, dropout=0.0, val=True, split=val, save_json=False, save_hybrid=False, conf=None, iou=0.7, max_det=300, half=False, dnn=False, plots=True, source=None, vid_stride=1, stream_buffer=False, visualize=False, augment=False, agnostic_nms=False, classes=None, retina_masks=False, embed=None, show=False, save_frames=False, save_txt=False, save_conf=False, save_crop=False, show_labels=True, show_conf=True, show_boxes=True, line_width=None, format=torchscript, keras=False, optimize=False, int8=False, dynamic=False, simplify=True, opset=None, workspace=None, nms=False, lr0=0.01, lrf=0.01, momentum=0.937, weight_decay=0.0005, warmup_epochs=3.0, warmup_momentum=0.8, warmup_bias_lr=0.1, box=7.5, cls=0.5, dfl=1.5, pose=12.0, kobj=1.0, nbs=64, hsv_h=0.015, hsv_s=0.7, hsv_v=0.4, degrees=0.0, translate=0.1, scale=0.5, shear=0.0, perspective=0.0, flipud=0.0, fliplr=0.5, bgr=0.0, mosaic=1.0, mixup=0.0, copy_paste=0.0, copy_paste_mode=flip, auto_augment=randaugment, erasing=0.4, crop_fraction=1.0, cfg=None, tracker=botsort.yaml, save_dir=runs/detect/train4
Overriding model.yaml nc=80 with nc=16

                   from  n    params  module                                       arguments                     
  0                  -1  1      1856  ultralytics.nn.modules.conv.Conv             [3, 64, 3, 2]                 
  1                  -1  1     73984  ultralytics.nn.modules.conv.Conv             [64, 128, 3, 2]               
  2                  -1  1    111872  ultralytics.nn.modules.block.C3k2            [128, 256, 1, True, 0.25]     
  3                  -1  1    590336  ultralytics.nn.modules.conv.Conv             [256, 256, 3, 2]              
  4                  -1  1    444928  ultralytics.nn.modules.block.C3k2            [256, 512, 1, True, 0.25]     
  5                  -1  1   2360320  ultralytics.nn.modules.conv.Conv             [512, 512, 3, 2]              
  6                  -1  1   1380352  ultralytics.nn.modules.block.C3k2            [512, 512, 1, True]           
  7                  -1  1   2360320  ultralytics.nn.modules.conv.Conv             [512, 512, 3, 2]              
  8                  -1  1   1380352  ultralytics.nn.modules.block.C3k2            [512, 512, 1, True]           
  9                  -1  1    656896  ultralytics.nn.modules.block.SPPF            [512, 512, 5]                 
 10                  -1  1    990976  ultralytics.nn.modules.block.C2PSA           [512, 512, 1]                 
 11                  -1  1         0  torch.nn.modules.upsampling.Upsample         [None, 2, 'nearest']          
 12             [-1, 6]  1         0  ultralytics.nn.modules.conv.Concat           [1]                           
 13                  -1  1   1642496  ultralytics.nn.modules.block.C3k2            [1024, 512, 1, True]          
 14                  -1  1         0  torch.nn.modules.upsampling.Upsample         [None, 2, 'nearest']          
 15             [-1, 4]  1         0  ultralytics.nn.modules.conv.Concat           [1]                           
 16                  -1  1    542720  ultralytics.nn.modules.block.C3k2            [1024, 256, 1, True]          
 17                  -1  1    590336  ultralytics.nn.modules.conv.Conv             [256, 256, 3, 2]              
 18            [-1, 13]  1         0  ultralytics.nn.modules.conv.Concat           [1]                           
 19                  -1  1   1511424  ultralytics.nn.modules.block.C3k2            [768, 512, 1, True]           
 20                  -1  1   2360320  ultralytics.nn.modules.conv.Conv             [512, 512, 3, 2]              
 21            [-1, 10]  1         0  ultralytics.nn.modules.conv.Concat           [1]                           
 22                  -1  1   1642496  ultralytics.nn.modules.block.C3k2            [1024, 512, 1, True]          
 23        [16, 19, 22]  1   1423360  ultralytics.nn.modules.head.Detect           [16, [256, 512, 512]]         
YOLO11m summary: 231 layers, 20,065,344 parameters, 20,065,328 gradients, 68.3 GFLOPs

Transferred 643/649 items from pretrained weights
Freezing layer 'model.23.dfl.conv.weight'
[34m[1mAMP: [0mrunning Automatic Mixed Precision (AMP) checks...
[34m[1mAMP: [0mchecks passed ✅
Plotting labels to runs/detect/train4/labels.jpg... 
[34m[1moptimizer:[0m 'optimizer=auto' found, ignoring 'lr0=0.01' and 'momentum=0.937' and determining best 'optimizer', 'lr0' and 'momentum' automatically... 
[34m[1moptimizer:[0m AdamW(lr=0.0005, momentum=0.9) with parameter groups 106 weight(decay=0.0), 113 weight(decay=0.0005), 112 bias(decay=0.0)
Image sizes 640 train, 640 val
Using 18 dataloader workers
Logging results to [1mruns/detect/train4[0m
Starting training for 10 epochs...
Closing dataloader mosaic

      Epoch    GPU_mem   box_loss   cls_loss   dfl_loss  Instances       Size
                   all        495       1718      0.247      0.167     0.0901     0.0559

      Epoch    GPU_mem   box_loss   cls_loss   dfl_loss  Instances       Size
                   all        495       1718        0.2      0.106     0.0381     0.0197

      Epoch    GPU_mem   box_loss   cls_loss   dfl_loss  Instances       Size
                   all        495       1718      0.103     0.0923     0.0186    0.00896

      Epoch    GPU_mem   box_loss   cls_loss   dfl_loss  Instances       Size
                   all        495       1718      0.259     0.0883     0.0361     0.0216

      Epoch    GPU_mem   box_loss   cls_loss   dfl_loss  Instances       Size
                   all        495       1718      0.217      0.109     0.0429     0.0282

      Epoch    GPU_mem   box_loss   cls_loss   dfl_loss  Instances       Size
                   all        495       1718      0.298      0.194      0.102     0.0665

      Epoch    GPU_mem   box_loss   cls_loss   dfl_loss  Instances       Size
                   all        495       1718      0.256      0.175      0.101      0.065

      Epoch    GPU_mem   box_loss   cls_loss   dfl_loss  Instances       Size
                   all        495       1718      0.243      0.166      0.119     0.0808

      Epoch    GPU_mem   box_loss   cls_loss   dfl_loss  Instances       Size
                   all        495       1718      0.198      0.185      0.142     0.0965

      Epoch    GPU_mem   box_loss   cls_loss   dfl_loss  Instances       Size
                   all        495       1718      0.181      0.215      0.148      0.104

10 epochs completed in 0.045 hours.
Optimizer stripped from runs/detect/train4/weights/last.pt, 40.5MB
Optimizer stripped from runs/detect/train4/weights/best.pt, 40.5MB

Validating runs/detect/train4/weights/best.pt...
Ultralytics 8.3.83 🚀 Python-3.9.14 torch-2.6.0+cu124 CUDA:0 (NVIDIA A100-SXM4-80GB, 81156MiB)
YOLO11m summary (fused): 125 layers, 20,042,368 parameters, 0 gradients, 67.7 GFLOPs
                   all        495       1718      0.181      0.215      0.148      0.104
  Plastic bottle & cap        147        228      0.484      0.504       0.47      0.317
                 Glass         15        192      0.153     0.0573     0.0408     0.0269
                 Metal         81        153      0.481      0.442      0.425      0.317
                Carton         54         63      0.164       0.23      0.109     0.0744
                 Paper         27         30      0.165        0.4        0.2      0.151
    Plastic Bag & film        150        250      0.335      0.376      0.248      0.173
     Plastic container          9         12          0          0     0.0214     0.0111
 Plastic cup & utensil         69        162      0.196      0.191      0.129     0.0775
          Misc Plastic        111        165      0.214       0.23      0.131     0.0869
             Aluminium          9          9          0          0    0.00155    0.00124
          Rope & other          3          3          0          0          0          0
             Cigarette        136        394      0.219       0.18      0.122     0.0627
             Paper cup         12         12     0.0796      0.333     0.0898     0.0674
               Battery          3          3          0          0          0          0
       Styrofoam piece         24         42      0.228      0.286      0.233       0.19
Speed: 0.1ms preprocess, 1.6ms inference, 0.0ms loss, 0.6ms postprocess per image
Results saved to [1mruns/detect/train4[0m
