New https://pypi.org/project/ultralytics/8.3.152 available 😃 Update with 'pip install -U ultralytics'
Ultralytics 8.3.83 🚀 Python-3.9.14 torch-2.6.0+cu124 CUDA:0 (NVIDIA A100-SXM4-80GB, 81156MiB)
[34m[1mengine/trainer: [0mtask=detect, mode=train, model=yolo11m_custom.pt, data=dataset_waste.yaml, epochs=30, time=None, patience=100, batch=64, imgsz=640, save=True, save_period=-1, cache=False, device=None, workers=32, project=None, name=train6, exist_ok=False, pretrained=True, optimizer=auto, verbose=True, seed=0, deterministic=True, single_cls=False, rect=False, cos_lr=False, close_mosaic=10, resume=False, amp=True, fraction=1.0, profile=False, freeze=None, multi_scale=False, overlap_mask=True, mask_ratio=4, dropout=0.0, val=True, split=val, save_json=False, save_hybrid=False, conf=None, iou=0.7, max_det=300, half=False, dnn=False, plots=True, source=None, vid_stride=1, stream_buffer=False, visualize=False, augment=False, agnostic_nms=False, classes=None, retina_masks=False, embed=None, show=False, save_frames=False, save_txt=False, save_conf=False, save_crop=False, show_labels=True, show_conf=True, show_boxes=True, line_width=None, format=torchscript, keras=False, optimize=False, int8=False, dynamic=False, simplify=True, opset=None, workspace=None, nms=False, lr0=0.01, lrf=0.01, momentum=0.937, weight_decay=0.0005, warmup_epochs=3.0, warmup_momentum=0.8, warmup_bias_lr=0.1, box=7.5, cls=0.5, dfl=1.5, pose=12.0, kobj=1.0, nbs=64, hsv_h=0.015, hsv_s=0.7, hsv_v=0.4, degrees=0.0, translate=0.1, scale=0.5, shear=0.0, perspective=0.0, flipud=0.0, fliplr=0.5, bgr=0.0, mosaic=1.0, mixup=0.0, copy_paste=0.0, copy_paste_mode=flip, auto_augment=randaugment, erasing=0.4, crop_fraction=1.0, cfg=None, tracker=botsort.yaml, save_dir=runs/detect/train6
Overriding model.yaml nc=80 with nc=16

                   from  n    params  module                                       arguments                     
  0                  -1  1      1856  ultralytics.nn.modules.conv.Conv             [3, 64, 3, 2]                 
  1                  -1  1     73984  ultralytics.nn.modules.conv.Conv             [64, 128, 3, 2]               
  2                  -1  1    111872  ultralytics.nn.modules.block.C3k2            [128, 256, 1, True, 0.25]     
  3                  -1  1    590336  ultralytics.nn.modules.conv.Conv             [256, 256, 3, 2]              
  4                  -1  1    444928  ultralytics.nn.modules.block.C3k2            [256, 512, 1, True, 0.25]     
  5                  -1  1   2360320  ultralytics.nn.modules.conv.Conv             [512, 512, 3, 2]              
  6                  -1  1   1380352  ultralytics.nn.modules.block.C3k2            [512, 512, 1, True]           
  7                  -1  1   2360320  ultralytics.nn.modules.conv.Conv             [512, 512, 3, 2]              
  8                  -1  1   1380352  ultralytics.nn.modules.block.C3k2            [512, 512, 1, True]           
  9                  -1  1    656896  ultralytics.nn.modules.block.SPPF            [512, 512, 5]                 
 10                  -1  1    990976  ultralytics.nn.modules.block.C2PSA           [512, 512, 1]                 
 11                  -1  1         0  torch.nn.modules.upsampling.Upsample         [None, 2, 'nearest']          
 12             [-1, 6]  1         0  ultralytics.nn.modules.conv.Concat           [1]                           
 13                  -1  1   1642496  ultralytics.nn.modules.block.C3k2            [1024, 512, 1, True]          
 14                  -1  1         0  torch.nn.modules.upsampling.Upsample         [None, 2, 'nearest']          
 15             [-1, 4]  1         0  ultralytics.nn.modules.conv.Concat           [1]                           
 16                  -1  1    542720  ultralytics.nn.modules.block.C3k2            [1024, 256, 1, True]          
 17                  -1  1    590336  ultralytics.nn.modules.conv.Conv             [256, 256, 3, 2]              
 18            [-1, 13]  1         0  ultralytics.nn.modules.conv.Concat           [1]                           
 19                  -1  1   1511424  ultralytics.nn.modules.block.C3k2            [768, 512, 1, True]           
 20                  -1  1   2360320  ultralytics.nn.modules.conv.Conv             [512, 512, 3, 2]              
 21            [-1, 10]  1         0  ultralytics.nn.modules.conv.Concat           [1]                           
 22                  -1  1   1642496  ultralytics.nn.modules.block.C3k2            [1024, 512, 1, True]          
 23        [16, 19, 22]  1   1423360  ultralytics.nn.modules.head.Detect           [16, [256, 512, 512]]         
YOLO11m summary: 231 layers, 20,065,344 parameters, 20,065,328 gradients, 68.3 GFLOPs

Transferred 643/649 items from pretrained weights
Freezing layer 'model.23.dfl.conv.weight'
[34m[1mAMP: [0mrunning Automatic Mixed Precision (AMP) checks...
[34m[1mAMP: [0mchecks passed ✅
Plotting labels to runs/detect/train6/labels.jpg... 
[34m[1moptimizer:[0m 'optimizer=auto' found, ignoring 'lr0=0.01' and 'momentum=0.937' and determining best 'optimizer', 'lr0' and 'momentum' automatically... 
[34m[1moptimizer:[0m AdamW(lr=0.0005, momentum=0.9) with parameter groups 106 weight(decay=0.0), 113 weight(decay=0.0005), 112 bias(decay=0.0)
Image sizes 640 train, 640 val
Using 18 dataloader workers
Logging results to [1mruns/detect/train6[0m
Starting training for 30 epochs...

      Epoch    GPU_mem   box_loss   cls_loss   dfl_loss  Instances       Size
                   all        495       1718      0.366      0.113     0.0622     0.0365

      Epoch    GPU_mem   box_loss   cls_loss   dfl_loss  Instances       Size
                   all        495       1718      0.219      0.174     0.0707     0.0424

      Epoch    GPU_mem   box_loss   cls_loss   dfl_loss  Instances       Size
                   all        495       1718      0.122     0.0896     0.0334     0.0197

      Epoch    GPU_mem   box_loss   cls_loss   dfl_loss  Instances       Size
                   all        495       1718      0.318      0.078     0.0319     0.0177

      Epoch    GPU_mem   box_loss   cls_loss   dfl_loss  Instances       Size
                   all        495       1718      0.133     0.0741     0.0445     0.0265

      Epoch    GPU_mem   box_loss   cls_loss   dfl_loss  Instances       Size
                   all        495       1718      0.272     0.0925     0.0609     0.0351

      Epoch    GPU_mem   box_loss   cls_loss   dfl_loss  Instances       Size
                   all        495       1718      0.099      0.154     0.0757     0.0439

      Epoch    GPU_mem   box_loss   cls_loss   dfl_loss  Instances       Size
                   all        495       1718      0.184      0.102     0.0653     0.0419

      Epoch    GPU_mem   box_loss   cls_loss   dfl_loss  Instances       Size
                   all        495       1718      0.173      0.144      0.113     0.0738

      Epoch    GPU_mem   box_loss   cls_loss   dfl_loss  Instances       Size
                   all        495       1718      0.151      0.142      0.094     0.0599

      Epoch    GPU_mem   box_loss   cls_loss   dfl_loss  Instances       Size
                   all        495       1718      0.241      0.126     0.0948     0.0641

      Epoch    GPU_mem   box_loss   cls_loss   dfl_loss  Instances       Size
                   all        495       1718      0.218      0.125      0.101     0.0677

      Epoch    GPU_mem   box_loss   cls_loss   dfl_loss  Instances       Size
                   all        495       1718      0.198       0.15      0.125     0.0859

      Epoch    GPU_mem   box_loss   cls_loss   dfl_loss  Instances       Size
                   all        495       1718      0.204      0.141      0.118     0.0834

      Epoch    GPU_mem   box_loss   cls_loss   dfl_loss  Instances       Size
                   all        495       1718      0.197      0.194      0.143     0.0966

      Epoch    GPU_mem   box_loss   cls_loss   dfl_loss  Instances       Size
                   all        495       1718      0.179      0.191      0.117     0.0822

      Epoch    GPU_mem   box_loss   cls_loss   dfl_loss  Instances       Size
                   all        495       1718      0.323      0.206      0.158      0.112

      Epoch    GPU_mem   box_loss   cls_loss   dfl_loss  Instances       Size
                   all        495       1718      0.211      0.199      0.135     0.0977

      Epoch    GPU_mem   box_loss   cls_loss   dfl_loss  Instances       Size
                   all        495       1718      0.238      0.183      0.155      0.114

      Epoch    GPU_mem   box_loss   cls_loss   dfl_loss  Instances       Size
                   all        495       1718      0.199      0.203      0.132     0.0948
Closing dataloader mosaic

      Epoch    GPU_mem   box_loss   cls_loss   dfl_loss  Instances       Size
                   all        495       1718      0.183       0.17      0.132     0.0969

      Epoch    GPU_mem   box_loss   cls_loss   dfl_loss  Instances       Size
                   all        495       1718      0.205      0.195      0.143      0.105

      Epoch    GPU_mem   box_loss   cls_loss   dfl_loss  Instances       Size
                   all        495       1718      0.212      0.211      0.161      0.121

      Epoch    GPU_mem   box_loss   cls_loss   dfl_loss  Instances       Size
                   all        495       1718       0.22      0.196       0.16      0.115

      Epoch    GPU_mem   box_loss   cls_loss   dfl_loss  Instances       Size
                   all        495       1718      0.202        0.2      0.149      0.108

      Epoch    GPU_mem   box_loss   cls_loss   dfl_loss  Instances       Size
                   all        495       1718      0.194       0.18      0.135     0.0976

      Epoch    GPU_mem   box_loss   cls_loss   dfl_loss  Instances       Size
                   all        495       1718       0.21      0.211      0.152      0.112

      Epoch    GPU_mem   box_loss   cls_loss   dfl_loss  Instances       Size
                   all        495       1718      0.226       0.19      0.162      0.119

      Epoch    GPU_mem   box_loss   cls_loss   dfl_loss  Instances       Size
                   all        495       1718      0.185      0.213       0.16      0.117

      Epoch    GPU_mem   box_loss   cls_loss   dfl_loss  Instances       Size
                   all        495       1718      0.247       0.18      0.161      0.116

30 epochs completed in 0.133 hours.
Optimizer stripped from runs/detect/train6/weights/last.pt, 40.5MB
Optimizer stripped from runs/detect/train6/weights/best.pt, 40.5MB

Validating runs/detect/train6/weights/best.pt...
Ultralytics 8.3.83 🚀 Python-3.9.14 torch-2.6.0+cu124 CUDA:0 (NVIDIA A100-SXM4-80GB, 81156MiB)
YOLO11m summary (fused): 125 layers, 20,042,368 parameters, 0 gradients, 67.7 GFLOPs
                   all        495       1718       0.21      0.213      0.161      0.121
  Plastic bottle & cap        147        228      0.491      0.478      0.445       0.31
                 Glass         15        192      0.167     0.0417     0.0427     0.0277
                 Metal         81        153      0.472      0.405      0.366      0.277
                Carton         54         63      0.252      0.127      0.151      0.114
                 Paper         27         30      0.171      0.467      0.321       0.28
    Plastic Bag & film        150        250      0.338      0.252      0.213      0.163
     Plastic container          9         12      0.111      0.167     0.0319     0.0203
 Plastic cup & utensil         69        162      0.292      0.201       0.17      0.106
          Misc Plastic        111        165      0.181      0.261      0.123     0.0721
             Aluminium          9          9          0          0     0.0128     0.0102
          Rope & other          3          3          0          0          0          0
             Cigarette        136        394      0.163      0.228     0.0945     0.0523
             Paper cup         12         12      0.147      0.333      0.217      0.192
               Battery          3          3          0          0          0          0
       Styrofoam piece         24         42       0.36      0.238       0.23       0.19
Speed: 0.1ms preprocess, 1.5ms inference, 0.0ms loss, 0.5ms postprocess per image
Results saved to [1mruns/detect/train6[0m
